This is pdfTeX, Version 3.14159265-2.6-1.40.20 (TeX Live 2019/Debian) (preloaded format=pdflatex 2020.4.27)  14 SEP 2020 15:32
entering extended mode
 restricted \write18 enabled.
 %&-line parsing enabled.
**report.tex
(./report.tex
LaTeX2e <2018-12-01>
(/usr/share/texlive/texmf-dist/tex/latex/base/article.cls
Document Class: article 2018/09/03 v1.4i Standard LaTeX document class
(/usr/share/texlive/texmf-dist/tex/latex/base/size10.clo
File: size10.clo 2018/09/03 v1.4i Standard LaTeX file (size option)
)
\c@part=\count80
\c@section=\count81
\c@subsection=\count82
\c@subsubsection=\count83
\c@paragraph=\count84
\c@subparagraph=\count85
\c@figure=\count86
\c@table=\count87
\abovecaptionskip=\skip41
\belowcaptionskip=\skip42
\bibindent=\dimen102
)
(/usr/share/texlive/texmf-dist/tex/latex/graphics/graphicx.sty
Package: graphicx 2017/06/01 v1.1a Enhanced LaTeX Graphics (DPC,SPQR)

(/usr/share/texlive/texmf-dist/tex/latex/graphics/keyval.sty
Package: keyval 2014/10/28 v1.15 key=value parser (DPC)
\KV@toks@=\toks14
)
(/usr/share/texlive/texmf-dist/tex/latex/graphics/graphics.sty
Package: graphics 2017/06/25 v1.2c Standard LaTeX Graphics (DPC,SPQR)

(/usr/share/texlive/texmf-dist/tex/latex/graphics/trig.sty
Package: trig 2016/01/03 v1.10 sin cos tan (DPC)
)
(/usr/share/texlive/texmf-dist/tex/latex/graphics-cfg/graphics.cfg
File: graphics.cfg 2016/06/04 v1.11 sample graphics configuration
)
Package graphics Info: Driver file: pdftex.def on input line 99.

(/usr/share/texlive/texmf-dist/tex/latex/graphics-def/pdftex.def
File: pdftex.def 2018/01/08 v1.0l Graphics/color driver for pdftex
))
\Gin@req@height=\dimen103
\Gin@req@width=\dimen104
)
(/usr/share/texlive/texmf-dist/tex/latex/xcolor/xcolor.sty
Package: xcolor 2016/05/11 v2.12 LaTeX color extensions (UK)

(/usr/share/texlive/texmf-dist/tex/latex/graphics-cfg/color.cfg
File: color.cfg 2016/01/02 v1.6 sample color configuration
)
Package xcolor Info: Driver file: pdftex.def on input line 225.
Package xcolor Info: Model `cmy' substituted by `cmy0' on input line 1348.
Package xcolor Info: Model `hsb' substituted by `rgb' on input line 1352.
Package xcolor Info: Model `RGB' extended on input line 1364.
Package xcolor Info: Model `HTML' substituted by `rgb' on input line 1366.
Package xcolor Info: Model `Hsb' substituted by `hsb' on input line 1367.
Package xcolor Info: Model `tHsb' substituted by `hsb' on input line 1368.
Package xcolor Info: Model `HSB' substituted by `hsb' on input line 1369.
Package xcolor Info: Model `Gray' substituted by `gray' on input line 1370.
Package xcolor Info: Model `wave' substituted by `hsb' on input line 1371.
)
(/usr/share/texlive/texmf-dist/tex/latex/hyperref/hyperref.sty
Package: hyperref 2018/11/30 v6.88e Hypertext links for LaTeX

(/usr/share/texlive/texmf-dist/tex/generic/oberdiek/hobsub-hyperref.sty
Package: hobsub-hyperref 2016/05/16 v1.14 Bundle oberdiek, subset hyperref (HO)


(/usr/share/texlive/texmf-dist/tex/generic/oberdiek/hobsub-generic.sty
Package: hobsub-generic 2016/05/16 v1.14 Bundle oberdiek, subset generic (HO)
Package: hobsub 2016/05/16 v1.14 Construct package bundles (HO)
Package: infwarerr 2016/05/16 v1.4 Providing info/warning/error messages (HO)
Package: ltxcmds 2016/05/16 v1.23 LaTeX kernel commands for general use (HO)
Package: ifluatex 2016/05/16 v1.4 Provides the ifluatex switch (HO)
Package ifluatex Info: LuaTeX not detected.
Package: ifvtex 2016/05/16 v1.6 Detect VTeX and its facilities (HO)
Package ifvtex Info: VTeX not detected.
Package: intcalc 2016/05/16 v1.2 Expandable calculations with integers (HO)
Package: ifpdf 2018/09/07 v3.3 Provides the ifpdf switch
Package: etexcmds 2016/05/16 v1.6 Avoid name clashes with e-TeX commands (HO)
Package: kvsetkeys 2016/05/16 v1.17 Key value parser (HO)
Package: kvdefinekeys 2016/05/16 v1.4 Define keys (HO)
Package: pdftexcmds 2018/09/10 v0.29 Utility functions of pdfTeX for LuaTeX (HO
)
Package pdftexcmds Info: LuaTeX not detected.
Package pdftexcmds Info: \pdf@primitive is available.
Package pdftexcmds Info: \pdf@ifprimitive is available.
Package pdftexcmds Info: \pdfdraftmode found.
Package: pdfescape 2016/05/16 v1.14 Implements pdfTeX's escape features (HO)
Package: bigintcalc 2016/05/16 v1.4 Expandable calculations on big integers (HO
)
Package: bitset 2016/05/16 v1.2 Handle bit-vector datatype (HO)
Package: uniquecounter 2016/05/16 v1.3 Provide unlimited unique counter (HO)
)
Package hobsub Info: Skipping package `hobsub' (already loaded).
Package: letltxmacro 2016/05/16 v1.5 Let assignment for LaTeX macros (HO)
Package: hopatch 2016/05/16 v1.3 Wrapper for package hooks (HO)
Package: xcolor-patch 2016/05/16 xcolor patch
Package: atveryend 2016/05/16 v1.9 Hooks at the very end of document (HO)
Package atveryend Info: \enddocument detected (standard20110627).
Package: atbegshi 2016/06/09 v1.18 At begin shipout hook (HO)
Package: refcount 2016/05/16 v3.5 Data extraction from label references (HO)
Package: hycolor 2016/05/16 v1.8 Color options for hyperref/bookmark (HO)
)
(/usr/share/texlive/texmf-dist/tex/generic/ifxetex/ifxetex.sty
Package: ifxetex 2010/09/12 v0.6 Provides ifxetex conditional
)
(/usr/share/texlive/texmf-dist/tex/latex/oberdiek/auxhook.sty
Package: auxhook 2016/05/16 v1.4 Hooks for auxiliary files (HO)
)
(/usr/share/texlive/texmf-dist/tex/latex/oberdiek/kvoptions.sty
Package: kvoptions 2016/05/16 v3.12 Key value format for package options (HO)
)
\@linkdim=\dimen105
\Hy@linkcounter=\count88
\Hy@pagecounter=\count89

(/usr/share/texlive/texmf-dist/tex/latex/hyperref/pd1enc.def
File: pd1enc.def 2018/11/30 v6.88e Hyperref: PDFDocEncoding definition (HO)
Now handling font encoding PD1 ...
... no UTF-8 mapping file for font encoding PD1
)
\Hy@SavedSpaceFactor=\count90

(/usr/share/texlive/texmf-dist/tex/latex/latexconfig/hyperref.cfg
File: hyperref.cfg 2002/06/06 v1.2 hyperref configuration of TeXLive
)
Package hyperref Info: Hyper figures OFF on input line 4519.
Package hyperref Info: Link nesting OFF on input line 4524.
Package hyperref Info: Hyper index ON on input line 4527.
Package hyperref Info: Plain pages OFF on input line 4534.
Package hyperref Info: Backreferencing OFF on input line 4539.
Package hyperref Info: Implicit mode ON; LaTeX internals redefined.
Package hyperref Info: Bookmarks ON on input line 4772.
\c@Hy@tempcnt=\count91

(/usr/share/texlive/texmf-dist/tex/latex/url/url.sty
\Urlmuskip=\muskip10
Package: url 2013/09/16  ver 3.4  Verb mode for urls, etc.
)
LaTeX Info: Redefining \url on input line 5125.
\XeTeXLinkMargin=\dimen106
\Fld@menulength=\count92
\Field@Width=\dimen107
\Fld@charsize=\dimen108
Package hyperref Info: Hyper figures OFF on input line 6380.
Package hyperref Info: Link nesting OFF on input line 6385.
Package hyperref Info: Hyper index ON on input line 6388.
Package hyperref Info: backreferencing OFF on input line 6395.
Package hyperref Info: Link coloring OFF on input line 6400.
Package hyperref Info: Link coloring with OCG OFF on input line 6405.
Package hyperref Info: PDF/A mode OFF on input line 6410.
LaTeX Info: Redefining \ref on input line 6450.
LaTeX Info: Redefining \pageref on input line 6454.
\Hy@abspage=\count93
\c@Item=\count94
\c@Hfootnote=\count95
)
Package hyperref Info: Driver (autodetected): hpdftex.

(/usr/share/texlive/texmf-dist/tex/latex/hyperref/hpdftex.def
File: hpdftex.def 2018/11/30 v6.88e Hyperref driver for pdfTeX
\Fld@listcount=\count96
\c@bookmark@seq@number=\count97

(/usr/share/texlive/texmf-dist/tex/latex/oberdiek/rerunfilecheck.sty
Package: rerunfilecheck 2016/05/16 v1.8 Rerun checks for auxiliary files (HO)
Package uniquecounter Info: New unique counter `rerunfilecheck' on input line 2
82.
)
\Hy@SectionHShift=\skip43
)
(./report.aux)
\openout1 = `report.aux'.

LaTeX Font Info:    Checking defaults for OML/cmm/m/it on input line 12.
LaTeX Font Info:    ... okay on input line 12.
LaTeX Font Info:    Checking defaults for T1/cmr/m/n on input line 12.
LaTeX Font Info:    ... okay on input line 12.
LaTeX Font Info:    Checking defaults for OT1/cmr/m/n on input line 12.
LaTeX Font Info:    ... okay on input line 12.
LaTeX Font Info:    Checking defaults for OMS/cmsy/m/n on input line 12.
LaTeX Font Info:    ... okay on input line 12.
LaTeX Font Info:    Checking defaults for OMX/cmex/m/n on input line 12.
LaTeX Font Info:    ... okay on input line 12.
LaTeX Font Info:    Checking defaults for U/cmr/m/n on input line 12.
LaTeX Font Info:    ... okay on input line 12.
LaTeX Font Info:    Checking defaults for PD1/pdf/m/n on input line 12.
LaTeX Font Info:    ... okay on input line 12.

(/usr/share/texlive/texmf-dist/tex/context/base/mkii/supp-pdf.mkii
[Loading MPS to PDF converter (version 2006.09.02).]
\scratchcounter=\count98
\scratchdimen=\dimen109
\scratchbox=\box27
\nofMPsegments=\count99
\nofMParguments=\count100
\everyMPshowfont=\toks15
\MPscratchCnt=\count101
\MPscratchDim=\dimen110
\MPnumerator=\count102
\makeMPintoPDFobject=\count103
\everyMPtoPDFconversion=\toks16
) (/usr/share/texlive/texmf-dist/tex/latex/oberdiek/epstopdf-base.sty
Package: epstopdf-base 2016/05/15 v2.6 Base part for package epstopdf

(/usr/share/texlive/texmf-dist/tex/latex/oberdiek/grfext.sty
Package: grfext 2016/05/16 v1.2 Manage graphics extensions (HO)
)
Package epstopdf-base Info: Redefining graphics rule for `.eps' on input line 4
38.
Package grfext Info: Graphics extension search list:
(grfext)             [.pdf,.png,.jpg,.mps,.jpeg,.jbig2,.jb2,.PDF,.PNG,.JPG,.JPE
G,.JBIG2,.JB2,.eps]
(grfext)             \AppendGraphicsExtensions on input line 456.

(/usr/share/texlive/texmf-dist/tex/latex/latexconfig/epstopdf-sys.cfg
File: epstopdf-sys.cfg 2010/07/13 v1.3 Configuration of (r)epstopdf for TeX Liv
e
))
\AtBeginShipoutBox=\box28
Package hyperref Info: Link coloring OFF on input line 12.

(/usr/share/texlive/texmf-dist/tex/latex/hyperref/nameref.sty
Package: nameref 2016/05/21 v2.44 Cross-referencing by name of section

(/usr/share/texlive/texmf-dist/tex/generic/oberdiek/gettitlestring.sty
Package: gettitlestring 2016/05/16 v1.5 Cleanup title references (HO)
)
\c@section@level=\count104
)
LaTeX Info: Redefining \ref on input line 12.
LaTeX Info: Redefining \pageref on input line 12.
LaTeX Info: Redefining \nameref on input line 12.

(./report.out) (./report.out)
\@outlinefile=\write3
\openout3 = `report.out'.

LaTeX Font Info:    External font `cmex10' loaded for size
(Font)              <7> on input line 31.
LaTeX Font Info:    External font `cmex10' loaded for size
(Font)              <5> on input line 31.
LaTeX Font Info:    Try loading font information for OMS+cmr on input line 45.

(/usr/share/texlive/texmf-dist/tex/latex/base/omscmr.fd
File: omscmr.fd 2014/09/29 v2.5h Standard LaTeX font definitions
)
LaTeX Font Info:    Font shape `OMS/cmr/m/n' in size <10> not available
(Font)              Font shape `OMS/cmsy/m/n' tried instead on input line 45.
 [1

{/var/lib/texmf/fonts/map/pdftex/updmap/pdftex.map}]
<w2v_model.png, id=67, 832.10875pt x 784.9325pt>
File: w2v_model.png Graphic file (type png)
<use w2v_model.png>
Package pdftex.def Info: w2v_model.png  used on input line 88.
(pdftex.def)             Requested size: 345.0pt x 325.44148pt.
<alberto_model.png, id=69, 440.64626pt x 696.6025pt>
File: alberto_model.png Graphic file (type png)
<use alberto_model.png>
Package pdftex.def Info: alberto_model.png  used on input line 93.
(pdftex.def)             Requested size: 345.0pt x 545.42047pt.


LaTeX Warning: Float too large for page by 19.36491pt on input line 96.

[2] [3 <./w2v_model.png>] [4 <./alberto_model.png>]
<w2v_acp_epoch_loss.png, id=90, 331.2375pt x 200.75pt>
File: w2v_acp_epoch_loss.png Graphic file (type png)
<use w2v_acp_epoch_loss.png>
Package pdftex.def Info: w2v_acp_epoch_loss.png  used on input line 127.
(pdftex.def)             Requested size: 115.91846pt x 70.25128pt.
<w2v_acp_epoch_accuracy.png, id=91, 331.2375pt x 200.75pt>
File: w2v_acp_epoch_accuracy.png Graphic file (type png)
<use w2v_acp_epoch_accuracy.png>
Package pdftex.def Info: w2v_acp_epoch_accuracy.png  used on input line 132.
(pdftex.def)             Requested size: 115.91846pt x 70.25128pt.
<w2v_acp_epoch_recall.png, id=92, 331.2375pt x 200.75pt>
File: w2v_acp_epoch_recall.png Graphic file (type png)
<use w2v_acp_epoch_recall.png>
Package pdftex.def Info: w2v_acp_epoch_recall.png  used on input line 137.
(pdftex.def)             Requested size: 115.91846pt x 70.25128pt.

Overfull \hbox (5.71968pt too wide) in paragraph at lines 107--141
\OT1/cmr/m/n/10 128 ([]$\OT1/cmtt/m/n/10 http : / / www . italianlp . it / reso
urces / italian-[]word-[]embeddings/$[]\OT1/cmr/m/n/10 ), but
 []

<alberto_acp_epoch_loss.png, id=93, 331.2375pt x 200.75pt>
File: alberto_acp_epoch_loss.png Graphic file (type png)
<use alberto_acp_epoch_loss.png>
Package pdftex.def Info: alberto_acp_epoch_loss.png  used on input line 157.
(pdftex.def)             Requested size: 115.91846pt x 70.25128pt.
<alberto_acp_epoch_accuracy.png, id=94, 331.2375pt x 200.75pt>
File: alberto_acp_epoch_accuracy.png Graphic file (type png)
<use alberto_acp_epoch_accuracy.png>
Package pdftex.def Info: alberto_acp_epoch_accuracy.png  used on input line 162
.
(pdftex.def)             Requested size: 115.91846pt x 70.25128pt.
<alberto_acp_epoch_recall.png, id=95, 331.2375pt x 200.75pt>
File: alberto_acp_epoch_recall.png Graphic file (type png)
<use alberto_acp_epoch_recall.png>
Package pdftex.def Info: alberto_acp_epoch_recall.png  used on input line 167.
(pdftex.def)             Requested size: 115.91846pt x 70.25128pt.
[5] [6 <./w2v_acp_epoch_loss.png> <./w2v_acp_epoch_accuracy.png> <./w2v_acp_epo
ch_recall.png> <./alberto_acp_epoch_loss.png> <./alberto_acp_epoch_accuracy.png
> <./alberto_acp_epoch_recall.png>]
<w2v_acd_epoch_loss.png, id=116, 331.2375pt x 200.75pt>
File: w2v_acd_epoch_loss.png Graphic file (type png)
<use w2v_acd_epoch_loss.png>
Package pdftex.def Info: w2v_acd_epoch_loss.png  used on input line 189.
(pdftex.def)             Requested size: 115.91846pt x 70.25128pt.
<w2v_acd_epoch_accuracy.png, id=117, 331.2375pt x 200.75pt>
File: w2v_acd_epoch_accuracy.png Graphic file (type png)
<use w2v_acd_epoch_accuracy.png>
Package pdftex.def Info: w2v_acd_epoch_accuracy.png  used on input line 194.
(pdftex.def)             Requested size: 115.91846pt x 70.25128pt.
<w2v_acd_epoch_recall.png, id=118, 331.2375pt x 200.75pt>
File: w2v_acd_epoch_recall.png Graphic file (type png)
<use w2v_acd_epoch_recall.png>
Package pdftex.def Info: w2v_acd_epoch_recall.png  used on input line 199.
(pdftex.def)             Requested size: 115.91846pt x 70.25128pt.
<alberto_acd_epoch_loss.png, id=119, 331.2375pt x 200.75pt>
File: alberto_acd_epoch_loss.png Graphic file (type png)
<use alberto_acd_epoch_loss.png>
Package pdftex.def Info: alberto_acd_epoch_loss.png  used on input line 210.
(pdftex.def)             Requested size: 115.91846pt x 70.25128pt.
<alberto_acd_epoch_accuracy.png, id=120, 331.2375pt x 200.75pt>
File: alberto_acd_epoch_accuracy.png Graphic file (type png)
<use alberto_acd_epoch_accuracy.png>
Package pdftex.def Info: alberto_acd_epoch_accuracy.png  used on input line 215
.
(pdftex.def)             Requested size: 115.91846pt x 70.25128pt.
<alberto_acd_epoch_recall.png, id=121, 331.2375pt x 200.75pt>
File: alberto_acd_epoch_recall.png Graphic file (type png)
<use alberto_acd_epoch_recall.png>
Package pdftex.def Info: alberto_acd_epoch_recall.png  used on input line 220.
(pdftex.def)             Requested size: 115.91846pt x 70.25128pt.
 [7 <./w2v_acd_epoch_loss.png> <./w2v_acd_epoch_accuracy.png> <./w2v_acd_epoch_
recall.png>]
Overfull \hbox (11.80946pt too wide) in paragraph at lines 237--244
 [] 
 []

[8 <./alberto_acd_epoch_loss.png> <./alberto_acd_epoch_accuracy.png> <./alberto
_acd_epoch_recall.png>]
Package atveryend Info: Empty hook `BeforeClearDocument' on input line 281.
 [9]
Package atveryend Info: Empty hook `AfterLastShipout' on input line 281.
 (./report.aux)
Package atveryend Info: Executing hook `AtVeryEndDocument' on input line 281.
Package atveryend Info: Executing hook `AtEndAfterFileList' on input line 281.
Package rerunfilecheck Info: File `report.out' has not changed.
(rerunfilecheck)             Checksum: A9E8F61E6E728F82447B017646806A4E;684.
Package atveryend Info: Empty hook `AtVeryVeryEnd' on input line 281.
 ) 
Here is how much of TeX's memory you used:
 5568 strings out of 494553
 81981 string characters out of 6177377
 174882 words of memory out of 5000000
 9173 multiletter control sequences out of 15000+600000
 5326 words of font info for 20 fonts, out of 8000000 for 9000
 14 hyphenation exceptions out of 8191
 28i,9n,35p,220b,384s stack positions out of 5000i,500n,10000p,200000b,80000s
</usr/share/texlive/texmf-dist/fonts/type1/public/amsfonts/cm/cmbx10.pfb></us
r/share/texlive/texmf-dist/fonts/type1/public/amsfonts/cm/cmbx12.pfb></usr/shar
e/texlive/texmf-dist/fonts/type1/public/amsfonts/cm/cmmi10.pfb></usr/share/texl
ive/texmf-dist/fonts/type1/public/amsfonts/cm/cmr10.pfb></usr/share/texlive/tex
mf-dist/fonts/type1/public/amsfonts/cm/cmr12.pfb></usr/share/texlive/texmf-dist
/fonts/type1/public/amsfonts/cm/cmsy10.pfb></usr/share/texlive/texmf-dist/fonts
/type1/public/amsfonts/cm/cmtt10.pfb>
Output written on report.pdf (9 pages, 375951 bytes).
PDF statistics:
 186 PDF objects out of 1000 (max. 8388607)
 138 compressed objects within 2 object streams
 39 named destinations out of 1000 (max. 500000)
 167 words of extra memory for PDF output out of 10000 (max. 10000000)

